# JRE version: OpenJDK Runtime Environment Temurin-21.0.7+6 (21.0.7+6) (build 21.0.7+6-LTS)
# Java VM: OpenJDK 64-Bit Server VM Temurin-21.0.7+6 (21.0.7+6-LTS, mixed mode, sharing, tiered, compressed oops, compressed class ptrs, parallel gc, windows-amd64)
GC Precious Log:
 CardTable entry size: 512
 CPUs: 12 total, 12 available
 Memory: 7863M
 Large Page Support: Disabled
 NUMA Support: Disabled
 Compressed Oops: Enabled (32-bit)
 Alignments: Space 512K, Generation 512K, Heap 2M
 Heap Min Capacity: 100M
 Heap Initial Capacity: 100M
 Heap Max Capacity: 2G
 Pre-touch: Disabled
 Parallel Workers: 10
Heap:
 PSYoungGen      total 3584K, used 484K [0x00000000d5580000, 0x00000000d5d80000, 0x0000000100000000)
  eden space 2048K, 8% used [0x00000000d5580000,0x00000000d55a93e8,0x00000000d5780000)
  from space 1536K, 20% used [0x00000000d5a80000,0x00000000d5ad0000,0x00000000d5c00000)
  to   space 512K, 0% used [0x00000000d5d00000,0x00000000d5d00000,0x00000000d5d80000)
 ParOldGen       total 799232K, used 798793K [0x0000000080000000, 0x00000000b0c80000, 0x00000000d5580000)
  object space 799232K, 99% used [0x0000000080000000,0x00000000b0c12500,0x00000000b0c80000)
 Metaspace       used 88773K, committed 90752K, reserved 1179648K
  class space    used 8940K, committed 9792K, reserved 1048576K
GC Heap History (20 events):
Event: 4084.479 GC heap before
{Heap before GC invocations=2312 (full 4):
 PSYoungGen      total 10752K, used 10721K [0x00000000d5580000, 0x00000000d6d00000, 0x0000000100000000)
  eden space 9728K, 100% used [0x00000000d5580000,0x00000000d5f00000,0x00000000d5f00000)
  from space 1024K, 97% used [0x00000000d6b00000,0x00000000d6bf85f8,0x00000000d6c00000)
  to   space 1024K, 0% used [0x00000000d6c00000,0x00000000d6c00000,0x00000000d6d00000)
 ParOldGen       total 732160K, used 731791K [0x0000000080000000, 0x00000000acb00000, 0x00000000d5580000)
  object space 732160K, 99% used [0x0000000080000000,0x00000000acaa3f18,0x00000000acb00000)
 Metaspace       used 88691K, committed 90688K, reserved 1179648K
  class space    used 8940K, committed 9792K, reserved 1048576K
}
Event: 4084.484 GC heap after
{Heap after GC invocations=2312 (full 4):
 PSYoungGen      total 10752K, used 1024K [0x00000000d5580000, 0x00000000d6d00000, 0x0000000100000000)
  eden space 9728K, 0% used [0x00000000d5580000,0x00000000d5580000,0x00000000d5f00000)
  from space 1024K, 100% used [0x00000000d6c00000,0x00000000d6d00000,0x00000000d6d00000)
  to   space 3072K, 0% used [0x00000000d6700000,0x00000000d6700000,0x00000000d6a00000)
 ParOldGen       total 733184K, used 732775K [0x0000000080000000, 0x00000000acc00000, 0x00000000d5580000)
  object space 733184K, 99% used [0x0000000080000000,0x00000000acb99fc8,0x00000000acc00000)
 Metaspace       used 88691K, committed 90688K, reserved 1179648K
  class space    used 8940K, committed 9792K, reserved 1048576K
}
Event: 4084.861 GC heap before
{Heap before GC invocations=2313 (full 4):
 PSYoungGen      total 10752K, used 10752K [0x00000000d5580000, 0x00000000d6d00000, 0x0000000100000000)
  eden space 9728K, 100% used [0x00000000d5580000,0x00000000d5f00000,0x00000000d5f00000)
  from space 1024K, 100% used [0x00000000d6c00000,0x00000000d6d00000,0x00000000d6d00000)
  to   space 3072K, 0% used [0x00000000d6700000,0x00000000d6700000,0x00000000d6a00000)
 ParOldGen       total 764928K, used 763495K [0x0000000080000000, 0x00000000aeb00000, 0x00000000d5580000)
  object space 764928K, 99% used [0x0000000080000000,0x00000000ae999ff8,0x00000000aeb00000)
 Metaspace       used 88742K, committed 90688K, reserved 1179648K
  class space    used 8940K, committed 9792K, reserved 1048576K
}
Event: 4084.870 GC heap after
{Heap after GC invocations=2313 (full 4):
 PSYoungGen      total 12800K, used 3044K [0x00000000d5580000, 0x00000000d6c80000, 0x0000000100000000)
  eden space 9728K, 0% used [0x00000000d5580000,0x00000000d5580000,0x00000000d5f00000)
  from space 3072K, 99% used [0x00000000d6700000,0x00000000d69f9170,0x00000000d6a00000)
  to   space 2560K, 0% used [0x00000000d6a00000,0x00000000d6a00000,0x00000000d6c80000)
 ParOldGen       total 766464K, used 766046K [0x0000000080000000, 0x00000000aec80000, 0x00000000d5580000)
  object space 766464K, 99% used [0x0000000080000000,0x00000000aec179a8,0x00000000aec80000)
 Metaspace       used 88742K, committed 90688K, reserved 1179648K
  class space    used 8940K, committed 9792K, reserved 1048576K
}
Event: 4084.926 GC heap before
{Heap before GC invocations=2314 (full 4):
 PSYoungGen      total 12800K, used 12559K [0x00000000d5580000, 0x00000000d6c80000, 0x0000000100000000)
  eden space 9728K, 97% used [0x00000000d5580000,0x00000000d5ecab18,0x00000000d5f00000)
  from space 3072K, 99% used [0x00000000d6700000,0x00000000d69f9170,0x00000000d6a00000)
  to   space 2560K, 0% used [0x00000000d6a00000,0x00000000d6a00000,0x00000000d6c80000)
 ParOldGen       total 766464K, used 766046K [0x0000000080000000, 0x00000000aec80000, 0x00000000d5580000)
  object space 766464K, 99% used [0x0000000080000000,0x00000000aec179a8,0x00000000aec80000)
 Metaspace       used 88742K, committed 90688K, reserved 1179648K
  class space    used 8940K, committed 9792K, reserved 1048576K
}
Event: 4084.943 GC heap after
{Heap after GC invocations=2314 (full 4):
 PSYoungGen      total 8192K, used 2542K [0x00000000d5580000, 0x00000000d7d00000, 0x0000000100000000)
  eden space 5632K, 0% used [0x00000000d5580000,0x00000000d5580000,0x00000000d5b00000)
  from space 2560K, 99% used [0x00000000d6a00000,0x00000000d6c7b800,0x00000000d6c80000)
  to   space 15360K, 0% used [0x00000000d5b00000,0x00000000d5b00000,0x00000000d6a00000)
 ParOldGen       total 777216K, used 776935K [0x0000000080000000, 0x00000000af700000, 0x00000000d5580000)
  object space 777216K, 99% used [0x0000000080000000,0x00000000af6b9c98,0x00000000af700000)
 Metaspace       used 88742K, committed 90688K, reserved 1179648K
  class space    used 8940K, committed 9792K, reserved 1048576K
}
Event: 4085.119 GC heap before
{Heap before GC invocations=2315 (full 4):
 PSYoungGen      total 8192K, used 8174K [0x00000000d5580000, 0x00000000d7d00000, 0x0000000100000000)
  eden space 5632K, 100% used [0x00000000d5580000,0x00000000d5b00000,0x00000000d5b00000)
  from space 2560K, 99% used [0x00000000d6a00000,0x00000000d6c7b800,0x00000000d6c80000)
  to   space 15360K, 0% used [0x00000000d5b00000,0x00000000d5b00000,0x00000000d6a00000)
 ParOldGen       total 777216K, used 776935K [0x0000000080000000, 0x00000000af700000, 0x00000000d5580000)
  object space 777216K, 99% used [0x0000000080000000,0x00000000af6b9c98,0x00000000af700000)
 Metaspace       used 88742K, committed 90688K, reserved 1179648K
  class space    used 8940K, committed 9792K, reserved 1048576K
}
Event: 4085.134 GC heap after
{Heap after GC invocations=2315 (full 4):
 PSYoungGen      total 10240K, used 4355K [0x00000000d5580000, 0x00000000d6a80000, 0x0000000100000000)
  eden space 5632K, 0% used [0x00000000d5580000,0x00000000d5580000,0x00000000d5b00000)
  from space 4608K, 94% used [0x00000000d5b00000,0x00000000d5f40d60,0x00000000d5f80000)
  to   space 7680K, 0% used [0x00000000d6300000,0x00000000d6300000,0x00000000d6a80000)
 ParOldGen       total 779776K, used 779287K [0x0000000080000000, 0x00000000af980000, 0x00000000d5580000)
  object space 779776K, 99% used [0x0000000080000000,0x00000000af905c98,0x00000000af980000)
 Metaspace       used 88742K, committed 90688K, reserved 1179648K
  class space    used 8940K, committed 9792K, reserved 1048576K
}
Event: 4085.247 GC heap before
{Heap before GC invocations=2316 (full 4):
 PSYoungGen      total 10240K, used 9987K [0x00000000d5580000, 0x00000000d6a80000, 0x0000000100000000)
  eden space 5632K, 100% used [0x00000000d5580000,0x00000000d5b00000,0x00000000d5b00000)
  from space 4608K, 94% used [0x00000000d5b00000,0x00000000d5f40d60,0x00000000d5f80000)
  to   space 7680K, 0% used [0x00000000d6300000,0x00000000d6300000,0x00000000d6a80000)
 ParOldGen       total 779776K, used 779287K [0x0000000080000000, 0x00000000af980000, 0x00000000d5580000)
  object space 779776K, 99% used [0x0000000080000000,0x00000000af905c98,0x00000000af980000)
 Metaspace       used 88742K, committed 90688K, reserved 1179648K
  class space    used 8940K, committed 9792K, reserved 1048576K
}
Event: 4085.260 GC heap after
{Heap after GC invocations=2316 (full 4):
 PSYoungGen      total 11776K, used 5792K [0x00000000d5580000, 0x00000000d6900000, 0x0000000100000000)
  eden space 5632K, 0% used [0x00000000d5580000,0x00000000d5580000,0x00000000d5b00000)
  from space 6144K, 94% used [0x00000000d6300000,0x00000000d68a8000,0x00000000d6900000)
  to   space 6144K, 0% used [0x00000000d5d00000,0x00000000d5d00000,0x00000000d6300000)
 ParOldGen       total 783872K, used 783506K [0x0000000080000000, 0x00000000afd80000, 0x00000000d5580000)
  object space 783872K, 99% used [0x0000000080000000,0x00000000afd249f8,0x00000000afd80000)
 Metaspace       used 88742K, committed 90688K, reserved 1179648K
  class space    used 8940K, committed 9792K, reserved 1048576K
}
Event: 4085.604 GC heap before
{Heap before GC invocations=2317 (full 4):
 PSYoungGen      total 11776K, used 11409K [0x00000000d5580000, 0x00000000d6900000, 0x0000000100000000)
  eden space 5632K, 99% used [0x00000000d5580000,0x00000000d5afc550,0x00000000d5b00000)
  from space 6144K, 94% used [0x00000000d6300000,0x00000000d68a8000,0x00000000d6900000)
  to   space 6144K, 0% used [0x00000000d5d00000,0x00000000d5d00000,0x00000000d6300000)
 ParOldGen       total 783872K, used 783506K [0x0000000080000000, 0x00000000afd80000, 0x00000000d5580000)
  object space 783872K, 99% used [0x0000000080000000,0x00000000afd249f8,0x00000000afd80000)
 Metaspace       used 88743K, committed 90688K, reserved 1179648K
  class space    used 8940K, committed 9792K, reserved 1048576K
}
Event: 4085.624 GC heap after
{Heap after GC invocations=2317 (full 4):
 PSYoungGen      total 9728K, used 4072K [0x00000000d5580000, 0x00000000d6500000, 0x0000000100000000)
  eden space 5632K, 0% used [0x00000000d5580000,0x00000000d5580000,0x00000000d5b00000)
  from space 4096K, 99% used [0x00000000d5d00000,0x00000000d60fa3a8,0x00000000d6100000)
  to   space 4096K, 0% used [0x00000000d6100000,0x00000000d6100000,0x00000000d6500000)
 ParOldGen       total 789504K, used 789178K [0x0000000080000000, 0x00000000b0300000, 0x00000000d5580000)
  object space 789504K, 99% used [0x0000000080000000,0x00000000b02ae9f8,0x00000000b0300000)
 Metaspace       used 88743K, committed 90688K, reserved 1179648K
  class space    used 8940K, committed 9792K, reserved 1048576K
}
Event: 4085.747 GC heap before
{Heap before GC invocations=2318 (full 4):
 PSYoungGen      total 9728K, used 9704K [0x00000000d5580000, 0x00000000d6500000, 0x0000000100000000)
  eden space 5632K, 100% used [0x00000000d5580000,0x00000000d5b00000,0x00000000d5b00000)
  from space 4096K, 99% used [0x00000000d5d00000,0x00000000d60fa3a8,0x00000000d6100000)
  to   space 4096K, 0% used [0x00000000d6100000,0x00000000d6100000,0x00000000d6500000)
 ParOldGen       total 789504K, used 789178K [0x0000000080000000, 0x00000000b0300000, 0x00000000d5580000)
  object space 789504K, 99% used [0x0000000080000000,0x00000000b02ae9f8,0x00000000b0300000)
 Metaspace       used 88746K, committed 90688K, reserved 1179648K
  class space    used 8940K, committed 9792K, reserved 1048576K
}
Event: 4085.760 GC heap after
{Heap after GC invocations=2318 (full 4):
 PSYoungGen      total 6144K, used 4093K [0x00000000d5580000, 0x00000000d6e00000, 0x0000000100000000)
  eden space 2048K, 0% used [0x00000000d5580000,0x00000000d5580000,0x00000000d5780000)
  from space 4096K, 99% used [0x00000000d6100000,0x00000000d64ff590,0x00000000d6500000)
  to   space 9728K, 0% used [0x00000000d5780000,0x00000000d5780000,0x00000000d6100000)
 ParOldGen       total 794112K, used 793652K [0x0000000080000000, 0x00000000b0780000, 0x00000000d5580000)
  object space 794112K, 99% used [0x0000000080000000,0x00000000b070d238,0x00000000b0780000)
 Metaspace       used 88746K, committed 90688K, reserved 1179648K
  class space    used 8940K, committed 9792K, reserved 1048576K
}
Event: 4085.884 GC heap before
{Heap before GC invocations=2319 (full 4):
 PSYoungGen      total 6144K, used 6141K [0x00000000d5580000, 0x00000000d6e00000, 0x0000000100000000)
  eden space 2048K, 100% used [0x00000000d5580000,0x00000000d5780000,0x00000000d5780000)
  from space 4096K, 99% used [0x00000000d6100000,0x00000000d64ff590,0x00000000d6500000)
  to   space 9728K, 0% used [0x00000000d5780000,0x00000000d5780000,0x00000000d6100000)
 ParOldGen       total 794112K, used 793652K [0x0000000080000000, 0x00000000b0780000, 0x00000000d5580000)
  object space 794112K, 99% used [0x0000000080000000,0x00000000b070d238,0x00000000b0780000)
 Metaspace       used 88749K, committed 90688K, reserved 1179648K
  class space    used 8940K, committed 9792K, reserved 1048576K
}
Event: 4085.892 GC heap after
{Heap after GC invocations=2319 (full 4):
 PSYoungGen      total 4096K, used 1541K [0x00000000d5580000, 0x00000000d6180000, 0x0000000100000000)
  eden space 2048K, 0% used [0x00000000d5580000,0x00000000d5580000,0x00000000d5780000)
  from space 2048K, 75% used [0x00000000d5780000,0x00000000d59015d0,0x00000000d5980000)
  to   space 4608K, 0% used [0x00000000d5d00000,0x00000000d5d00000,0x00000000d6180000)
 ParOldGen       total 798208K, used 797737K [0x0000000080000000, 0x00000000b0b80000, 0x00000000d5580000)
  object space 798208K, 99% used [0x0000000080000000,0x00000000b0b0a500,0x00000000b0b80000)
 Metaspace       used 88749K, committed 90688K, reserved 1179648K
  class space    used 8940K, committed 9792K, reserved 1048576K
}
Event: 4105.895 GC heap before
{Heap before GC invocations=2320 (full 4):
 PSYoungGen      total 4096K, used 3589K [0x00000000d5580000, 0x00000000d6180000, 0x0000000100000000)
  eden space 2048K, 99% used [0x00000000d5580000,0x00000000d577ffc8,0x00000000d5780000)
  from space 2048K, 75% used [0x00000000d5780000,0x00000000d59015d0,0x00000000d5980000)
  to   space 4608K, 0% used [0x00000000d5d00000,0x00000000d5d00000,0x00000000d6180000)
 ParOldGen       total 798208K, used 797737K [0x0000000080000000, 0x00000000b0b80000, 0x00000000d5580000)
  object space 798208K, 99% used [0x0000000080000000,0x00000000b0b0a500,0x00000000b0b80000)
 Metaspace       used 88770K, committed 90752K, reserved 1179648K
  class space    used 8940K, committed 9792K, reserved 1048576K
}
Event: 4105.900 GC heap after
{Heap after GC invocations=2320 (full 4):
 PSYoungGen      total 2560K, used 416K [0x00000000d5580000, 0x00000000d5d80000, 0x0000000100000000)
  eden space 2048K, 0% used [0x00000000d5580000,0x00000000d5580000,0x00000000d5780000)
  from space 512K, 81% used [0x00000000d5d00000,0x00000000d5d68000,0x00000000d5d80000)
  to   space 1536K, 0% used [0x00000000d5a80000,0x00000000d5a80000,0x00000000d5c00000)
 ParOldGen       total 798720K, used 798473K [0x0000000080000000, 0x00000000b0c00000, 0x00000000d5580000)
  object space 798720K, 99% used [0x0000000080000000,0x00000000b0bc2500,0x00000000b0c00000)
 Metaspace       used 88770K, committed 90752K, reserved 1179648K
  class space    used 8940K, committed 9792K, reserved 1048576K
}
Event: 4381.728 GC heap before
{Heap before GC invocations=2321 (full 4):
 PSYoungGen      total 2560K, used 2458K [0x00000000d5580000, 0x00000000d5d80000, 0x0000000100000000)
  eden space 2048K, 99% used [0x00000000d5580000,0x00000000d577e8c0,0x00000000d5780000)
  from space 512K, 81% used [0x00000000d5d00000,0x00000000d5d68000,0x00000000d5d80000)
  to   space 1536K, 0% used [0x00000000d5a80000,0x00000000d5a80000,0x00000000d5c00000)
 ParOldGen       total 798720K, used 798473K [0x0000000080000000, 0x00000000b0c00000, 0x00000000d5580000)
  object space 798720K, 99% used [0x0000000080000000,0x00000000b0bc2500,0x00000000b0c00000)
 Metaspace       used 88772K, committed 90752K, reserved 1179648K
  class space    used 8940K, committed 9792K, reserved 1048576K
}
Event: 4382.781 GC heap after
{Heap after GC invocations=2321 (full 4):
 PSYoungGen      total 3584K, used 320K [0x00000000d5580000, 0x00000000d5d80000, 0x0000000100000000)
  eden space 2048K, 0% used [0x00000000d5580000,0x00000000d5580000,0x00000000d5780000)
  from space 1536K, 20% used [0x00000000d5a80000,0x00000000d5ad0000,0x00000000d5c00000)
  to   space 512K, 0% used [0x00000000d5d00000,0x00000000d5d00000,0x00000000d5d80000)
 ParOldGen       total 799232K, used 798793K [0x0000000080000000, 0x00000000b0c80000, 0x00000000d5580000)
  object space 799232K, 99% used [0x0000000080000000,0x00000000b0c12500,0x00000000b0c80000)
 Metaspace       used 88772K, committed 90752K, reserved 1179648K
  class space    used 8940K, committed 9792K, reserved 1048576K
}

