# JRE version: OpenJDK Runtime Environment Temurin-21.0.7+6 (21.0.7+6) (build 21.0.7+6-LTS)
# Java VM: OpenJDK 64-Bit Server VM Temurin-21.0.7+6 (21.0.7+6-LTS, mixed mode, sharing, tiered, compressed oops, compressed class ptrs, parallel gc, windows-amd64)
GC Precious Log:
 CardTable entry size: 512
 CPUs: 12 total, 12 available
 Memory: 7863M
 Large Page Support: Disabled
 NUMA Support: Disabled
 Compressed Oops: Enabled (32-bit)
 Alignments: Space 512K, Generation 512K, Heap 2M
 Heap Min Capacity: 100M
 Heap Initial Capacity: 100M
 Heap Max Capacity: 2G
 Pre-touch: Disabled
 Parallel Workers: 10
Heap:
 PSYoungGen      total 15360K, used 15008K [0x00000000d5580000, 0x00000000d6680000, 0x0000000100000000)
  eden space 14336K, 100% used [0x00000000d5580000,0x00000000d6380000,0x00000000d6380000)
  from space 1024K, 65% used [0x00000000d6500000,0x00000000d65a8000,0x00000000d6600000)
  to   space 512K, 96% used [0x00000000d6600000,0x00000000d667afb0,0x00000000d6680000)
 ParOldGen       total 712704K, used 712699K [0x0000000080000000, 0x00000000ab800000, 0x00000000d5580000)
  object space 712704K, 99% used [0x0000000080000000,0x00000000ab7fef48,0x00000000ab800000)
 Metaspace       used 64819K, committed 66432K, reserved 1114112K
  class space    used 6735K, committed 7424K, reserved 1048576K
GC Heap History (20 events):
Event: 31.793 GC heap before
{Heap before GC invocations=1389 (full 3):
 PSYoungGen      total 12800K, used 12556K [0x00000000d5580000, 0x00000000d6300000, 0x0000000100000000)
  eden space 11776K, 100% used [0x00000000d5580000,0x00000000d6100000,0x00000000d6100000)
  from space 1024K, 76% used [0x00000000d6100000,0x00000000d61c3018,0x00000000d6200000)
  to   space 1024K, 0% used [0x00000000d6200000,0x00000000d6200000,0x00000000d6300000)
 ParOldGen       total 702976K, used 702923K [0x0000000080000000, 0x00000000aae80000, 0x00000000d5580000)
  object space 702976K, 99% used [0x0000000080000000,0x00000000aae72f38,0x00000000aae80000)
 Metaspace       used 64731K, committed 66368K, reserved 1114112K
  class space    used 6728K, committed 7424K, reserved 1048576K
}
Event: 31.795 GC heap after
{Heap after GC invocations=1389 (full 3):
 PSYoungGen      total 12800K, used 672K [0x00000000d5580000, 0x00000000d6580000, 0x0000000100000000)
  eden space 11776K, 0% used [0x00000000d5580000,0x00000000d5580000,0x00000000d6100000)
  from space 1024K, 65% used [0x00000000d6200000,0x00000000d62a8000,0x00000000d6300000)
  to   space 1024K, 0% used [0x00000000d6100000,0x00000000d6100000,0x00000000d6200000)
 ParOldGen       total 704000K, used 703623K [0x0000000080000000, 0x00000000aaf80000, 0x00000000d5580000)
  object space 704000K, 99% used [0x0000000080000000,0x00000000aaf21f50,0x00000000aaf80000)
 Metaspace       used 64731K, committed 66368K, reserved 1114112K
  class space    used 6728K, committed 7424K, reserved 1048576K
}
Event: 31.802 GC heap before
{Heap before GC invocations=1390 (full 3):
 PSYoungGen      total 12800K, used 12448K [0x00000000d5580000, 0x00000000d6580000, 0x0000000100000000)
  eden space 11776K, 100% used [0x00000000d5580000,0x00000000d6100000,0x00000000d6100000)
  from space 1024K, 65% used [0x00000000d6200000,0x00000000d62a8000,0x00000000d6300000)
  to   space 1024K, 0% used [0x00000000d6100000,0x00000000d6100000,0x00000000d6200000)
 ParOldGen       total 704000K, used 703623K [0x0000000080000000, 0x00000000aaf80000, 0x00000000d5580000)
  object space 704000K, 99% used [0x0000000080000000,0x00000000aaf21f50,0x00000000aaf80000)
 Metaspace       used 64734K, committed 66368K, reserved 1114112K
  class space    used 6729K, committed 7424K, reserved 1048576K
}
Event: 31.803 GC heap after
{Heap after GC invocations=1390 (full 3):
 PSYoungGen      total 12800K, used 688K [0x00000000d5580000, 0x00000000d6580000, 0x0000000100000000)
  eden space 11776K, 0% used [0x00000000d5580000,0x00000000d5580000,0x00000000d6100000)
  from space 1024K, 67% used [0x00000000d6100000,0x00000000d61ac010,0x00000000d6200000)
  to   space 1024K, 0% used [0x00000000d6480000,0x00000000d6480000,0x00000000d6580000)
 ParOldGen       total 704512K, used 704087K [0x0000000080000000, 0x00000000ab000000, 0x00000000d5580000)
  object space 704512K, 99% used [0x0000000080000000,0x00000000aaf95f50,0x00000000ab000000)
 Metaspace       used 64734K, committed 66368K, reserved 1114112K
  class space    used 6729K, committed 7424K, reserved 1048576K
}
Event: 31.812 GC heap before
{Heap before GC invocations=1391 (full 3):
 PSYoungGen      total 12800K, used 12464K [0x00000000d5580000, 0x00000000d6580000, 0x0000000100000000)
  eden space 11776K, 100% used [0x00000000d5580000,0x00000000d6100000,0x00000000d6100000)
  from space 1024K, 67% used [0x00000000d6100000,0x00000000d61ac010,0x00000000d6200000)
  to   space 1024K, 0% used [0x00000000d6480000,0x00000000d6480000,0x00000000d6580000)
 ParOldGen       total 704512K, used 704087K [0x0000000080000000, 0x00000000ab000000, 0x00000000d5580000)
  object space 704512K, 99% used [0x0000000080000000,0x00000000aaf95f50,0x00000000ab000000)
 Metaspace       used 64762K, committed 66432K, reserved 1114112K
  class space    used 6731K, committed 7424K, reserved 1048576K
}
Event: 31.814 GC heap after
{Heap after GC invocations=1391 (full 3):
 PSYoungGen      total 15360K, used 672K [0x00000000d5580000, 0x00000000d6580000, 0x0000000100000000)
  eden space 14336K, 0% used [0x00000000d5580000,0x00000000d5580000,0x00000000d6380000)
  from space 1024K, 65% used [0x00000000d6480000,0x00000000d6528010,0x00000000d6580000)
  to   space 1024K, 0% used [0x00000000d6380000,0x00000000d6380000,0x00000000d6480000)
 ParOldGen       total 705024K, used 704575K [0x0000000080000000, 0x00000000ab080000, 0x00000000d5580000)
  object space 705024K, 99% used [0x0000000080000000,0x00000000ab00ff50,0x00000000ab080000)
 Metaspace       used 64762K, committed 66432K, reserved 1114112K
  class space    used 6731K, committed 7424K, reserved 1048576K
}
Event: 31.824 GC heap before
{Heap before GC invocations=1392 (full 3):
 PSYoungGen      total 15360K, used 15008K [0x00000000d5580000, 0x00000000d6580000, 0x0000000100000000)
  eden space 14336K, 100% used [0x00000000d5580000,0x00000000d6380000,0x00000000d6380000)
  from space 1024K, 65% used [0x00000000d6480000,0x00000000d6528010,0x00000000d6580000)
  to   space 1024K, 0% used [0x00000000d6380000,0x00000000d6380000,0x00000000d6480000)
 ParOldGen       total 705024K, used 704575K [0x0000000080000000, 0x00000000ab080000, 0x00000000d5580000)
  object space 705024K, 99% used [0x0000000080000000,0x00000000ab00ff50,0x00000000ab080000)
 Metaspace       used 64783K, committed 66432K, reserved 1114112K
  class space    used 6732K, committed 7424K, reserved 1048576K
}
Event: 32.826 GC heap after
{Heap after GC invocations=1392 (full 3):
 PSYoungGen      total 15360K, used 960K [0x00000000d5580000, 0x00000000d6880000, 0x0000000100000000)
  eden space 14336K, 0% used [0x00000000d5580000,0x00000000d5580000,0x00000000d6380000)
  from space 1024K, 93% used [0x00000000d6380000,0x00000000d6470000,0x00000000d6480000)
  to   space 1024K, 0% used [0x00000000d6780000,0x00000000d6780000,0x00000000d6880000)
 ParOldGen       total 705536K, used 705103K [0x0000000080000000, 0x00000000ab100000, 0x00000000d5580000)
  object space 705536K, 99% used [0x0000000080000000,0x00000000ab093f60,0x00000000ab100000)
 Metaspace       used 64783K, committed 66432K, reserved 1114112K
  class space    used 6732K, committed 7424K, reserved 1048576K
}
Event: 32.838 GC heap before
{Heap before GC invocations=1393 (full 3):
 PSYoungGen      total 15360K, used 15296K [0x00000000d5580000, 0x00000000d6880000, 0x0000000100000000)
  eden space 14336K, 100% used [0x00000000d5580000,0x00000000d6380000,0x00000000d6380000)
  from space 1024K, 93% used [0x00000000d6380000,0x00000000d6470000,0x00000000d6480000)
  to   space 1024K, 0% used [0x00000000d6780000,0x00000000d6780000,0x00000000d6880000)
 ParOldGen       total 705536K, used 705103K [0x0000000080000000, 0x00000000ab100000, 0x00000000d5580000)
  object space 705536K, 99% used [0x0000000080000000,0x00000000ab093f60,0x00000000ab100000)
 Metaspace       used 64785K, committed 66432K, reserved 1114112K
  class space    used 6732K, committed 7424K, reserved 1048576K
}
Event: 32.841 GC heap after
{Heap after GC invocations=1393 (full 3):
 PSYoungGen      total 15360K, used 1010K [0x00000000d5580000, 0x00000000d6880000, 0x0000000100000000)
  eden space 14336K, 0% used [0x00000000d5580000,0x00000000d5580000,0x00000000d6380000)
  from space 1024K, 98% used [0x00000000d6780000,0x00000000d687c9c8,0x00000000d6880000)
  to   space 1536K, 0% used [0x00000000d6580000,0x00000000d6580000,0x00000000d6700000)
 ParOldGen       total 706048K, used 705830K [0x0000000080000000, 0x00000000ab180000, 0x00000000d5580000)
  object space 706048K, 99% used [0x0000000080000000,0x00000000ab149810,0x00000000ab180000)
 Metaspace       used 64785K, committed 66432K, reserved 1114112K
  class space    used 6732K, committed 7424K, reserved 1048576K
}
Event: 32.851 GC heap before
{Heap before GC invocations=1394 (full 3):
 PSYoungGen      total 15360K, used 15346K [0x00000000d5580000, 0x00000000d6880000, 0x0000000100000000)
  eden space 14336K, 100% used [0x00000000d5580000,0x00000000d6380000,0x00000000d6380000)
  from space 1024K, 98% used [0x00000000d6780000,0x00000000d687c9c8,0x00000000d6880000)
  to   space 1536K, 0% used [0x00000000d6580000,0x00000000d6580000,0x00000000d6700000)
 ParOldGen       total 706048K, used 705830K [0x0000000080000000, 0x00000000ab180000, 0x00000000d5580000)
  object space 706048K, 99% used [0x0000000080000000,0x00000000ab149810,0x00000000ab180000)
 Metaspace       used 64790K, committed 66432K, reserved 1114112K
  class space    used 6732K, committed 7424K, reserved 1048576K
}
Event: 32.856 GC heap after
{Heap after GC invocations=1394 (full 3):
 PSYoungGen      total 15872K, used 896K [0x00000000d5580000, 0x00000000d6800000, 0x0000000100000000)
  eden space 14336K, 0% used [0x00000000d5580000,0x00000000d5580000,0x00000000d6380000)
  from space 1536K, 58% used [0x00000000d6580000,0x00000000d6660000,0x00000000d6700000)
  to   space 1024K, 0% used [0x00000000d6700000,0x00000000d6700000,0x00000000d6800000)
 ParOldGen       total 707072K, used 706655K [0x0000000080000000, 0x00000000ab280000, 0x00000000d5580000)
  object space 707072K, 99% used [0x0000000080000000,0x00000000ab217e78,0x00000000ab280000)
 Metaspace       used 64790K, committed 66432K, reserved 1114112K
  class space    used 6732K, committed 7424K, reserved 1048576K
}
Event: 32.868 GC heap before
{Heap before GC invocations=1395 (full 3):
 PSYoungGen      total 15872K, used 15232K [0x00000000d5580000, 0x00000000d6800000, 0x0000000100000000)
  eden space 14336K, 100% used [0x00000000d5580000,0x00000000d6380000,0x00000000d6380000)
  from space 1536K, 58% used [0x00000000d6580000,0x00000000d6660000,0x00000000d6700000)
  to   space 1024K, 0% used [0x00000000d6700000,0x00000000d6700000,0x00000000d6800000)
 ParOldGen       total 707072K, used 706655K [0x0000000080000000, 0x00000000ab280000, 0x00000000d5580000)
  object space 707072K, 99% used [0x0000000080000000,0x00000000ab217e78,0x00000000ab280000)
 Metaspace       used 64800K, committed 66432K, reserved 1114112K
  class space    used 6732K, committed 7424K, reserved 1048576K
}
Event: 32.871 GC heap after
{Heap after GC invocations=1395 (full 3):
 PSYoungGen      total 15360K, used 915K [0x00000000d5580000, 0x00000000d6800000, 0x0000000100000000)
  eden space 14336K, 0% used [0x00000000d5580000,0x00000000d5580000,0x00000000d6380000)
  from space 1024K, 89% used [0x00000000d6700000,0x00000000d67e4f30,0x00000000d6800000)
  to   space 1024K, 0% used [0x00000000d6600000,0x00000000d6600000,0x00000000d6700000)
 ParOldGen       total 708608K, used 708137K [0x0000000080000000, 0x00000000ab400000, 0x00000000d5580000)
  object space 708608K, 99% used [0x0000000080000000,0x00000000ab38a798,0x00000000ab400000)
 Metaspace       used 64800K, committed 66432K, reserved 1114112K
  class space    used 6732K, committed 7424K, reserved 1048576K
}
Event: 33.877 GC heap before
{Heap before GC invocations=1396 (full 3):
 PSYoungGen      total 15360K, used 15251K [0x00000000d5580000, 0x00000000d6800000, 0x0000000100000000)
  eden space 14336K, 100% used [0x00000000d5580000,0x00000000d6380000,0x00000000d6380000)
  from space 1024K, 89% used [0x00000000d6700000,0x00000000d67e4f30,0x00000000d6800000)
  to   space 1024K, 0% used [0x00000000d6600000,0x00000000d6600000,0x00000000d6700000)
 ParOldGen       total 708608K, used 708217K [0x0000000080000000, 0x00000000ab400000, 0x00000000d5580000)
  object space 708608K, 99% used [0x0000000080000000,0x00000000ab39e430,0x00000000ab400000)
 Metaspace       used 64801K, committed 66432K, reserved 1114112K
  class space    used 6732K, committed 7424K, reserved 1048576K
}
Event: 33.882 GC heap after
{Heap after GC invocations=1396 (full 3):
 PSYoungGen      total 15360K, used 1004K [0x00000000d5580000, 0x00000000d6780000, 0x0000000100000000)
  eden space 14336K, 0% used [0x00000000d5580000,0x00000000d5580000,0x00000000d6380000)
  from space 1024K, 98% used [0x00000000d6600000,0x00000000d66fb138,0x00000000d6700000)
  to   space 512K, 0% used [0x00000000d6700000,0x00000000d6700000,0x00000000d6780000)
 ParOldGen       total 709120K, used 708988K [0x0000000080000000, 0x00000000ab480000, 0x00000000d5580000)
  object space 709120K, 99% used [0x0000000080000000,0x00000000ab45f018,0x00000000ab480000)
 Metaspace       used 64801K, committed 66432K, reserved 1114112K
  class space    used 6732K, committed 7424K, reserved 1048576K
}
Event: 33.891 GC heap before
{Heap before GC invocations=1397 (full 3):
 PSYoungGen      total 15360K, used 15340K [0x00000000d5580000, 0x00000000d6780000, 0x0000000100000000)
  eden space 14336K, 100% used [0x00000000d5580000,0x00000000d6380000,0x00000000d6380000)
  from space 1024K, 98% used [0x00000000d6600000,0x00000000d66fb138,0x00000000d6700000)
  to   space 512K, 0% used [0x00000000d6700000,0x00000000d6700000,0x00000000d6780000)
 ParOldGen       total 709120K, used 708989K [0x0000000080000000, 0x00000000ab480000, 0x00000000d5580000)
  object space 709120K, 99% used [0x0000000080000000,0x00000000ab45f7c8,0x00000000ab480000)
 Metaspace       used 64819K, committed 66432K, reserved 1114112K
  class space    used 6735K, committed 7424K, reserved 1048576K
}
Event: 33.893 GC heap after
{Heap after GC invocations=1397 (full 3):
 PSYoungGen      total 14848K, used 512K [0x00000000d5580000, 0x00000000d6780000, 0x0000000100000000)
  eden space 14336K, 0% used [0x00000000d5580000,0x00000000d5580000,0x00000000d6380000)
  from space 512K, 100% used [0x00000000d6700000,0x00000000d6780000,0x00000000d6780000)
  to   space 2048K, 0% used [0x00000000d6380000,0x00000000d6380000,0x00000000d6580000)
 ParOldGen       total 710656K, used 710173K [0x0000000080000000, 0x00000000ab600000, 0x00000000d5580000)
  object space 710656K, 99% used [0x0000000080000000,0x00000000ab5877d8,0x00000000ab600000)
 Metaspace       used 64819K, committed 66432K, reserved 1114112K
  class space    used 6735K, committed 7424K, reserved 1048576K
}
Event: 33.907 GC heap before
{Heap before GC invocations=1398 (full 3):
 PSYoungGen      total 14848K, used 14848K [0x00000000d5580000, 0x00000000d6780000, 0x0000000100000000)
  eden space 14336K, 100% used [0x00000000d5580000,0x00000000d6380000,0x00000000d6380000)
  from space 512K, 100% used [0x00000000d6700000,0x00000000d6780000,0x00000000d6780000)
  to   space 2048K, 0% used [0x00000000d6380000,0x00000000d6380000,0x00000000d6580000)
 ParOldGen       total 710656K, used 710173K [0x0000000080000000, 0x00000000ab600000, 0x00000000d5580000)
  object space 710656K, 99% used [0x0000000080000000,0x00000000ab5877d8,0x00000000ab600000)
 Metaspace       used 64819K, committed 66432K, reserved 1114112K
  class space    used 6735K, committed 7424K, reserved 1048576K
}
Event: 33.912 GC heap after
{Heap after GC invocations=1398 (full 3):
 PSYoungGen      total 16384K, used 1143K [0x00000000d5580000, 0x00000000d6780000, 0x0000000100000000)
  eden space 14336K, 0% used [0x00000000d5580000,0x00000000d5580000,0x00000000d6380000)
  from space 2048K, 55% used [0x00000000d6380000,0x00000000d649dd08,0x00000000d6580000)
  to   space 1536K, 0% used [0x00000000d6600000,0x00000000d6600000,0x00000000d6780000)
 ParOldGen       total 710656K, used 710605K [0x0000000080000000, 0x00000000ab600000, 0x00000000d5580000)
  object space 710656K, 99% used [0x0000000080000000,0x00000000ab5f37e8,0x00000000ab600000)
 Metaspace       used 64819K, committed 66432K, reserved 1114112K
  class space    used 6735K, committed 7424K, reserved 1048576K
}

