# JRE version: OpenJDK Runtime Environment Temurin-21.0.7+6 (21.0.7+6) (build 21.0.7+6-LTS)
# Java VM: OpenJDK 64-Bit Server VM Temurin-21.0.7+6 (21.0.7+6-LTS, mixed mode, sharing, tiered, compressed oops, compressed class ptrs, parallel gc, windows-amd64)
GC Precious Log:
 CardTable entry size: 512
 CPUs: 12 total, 12 available
 Memory: 7863M
 Large Page Support: Disabled
 NUMA Support: Disabled
 Compressed Oops: Enabled (32-bit)
 Alignments: Space 512K, Generation 512K, Heap 2M
 Heap Min Capacity: 100M
 Heap Initial Capacity: 100M
 Heap Max Capacity: 2G
 Pre-touch: Disabled
 Parallel Workers: 10
Heap:
 PSYoungGen      total 2560K, used 1092K [0x00000000d5580000, 0x00000000d5a80000, 0x0000000100000000)
  eden space 2048K, 28% used [0x00000000d5580000,0x00000000d5612ad8,0x00000000d5780000)
  from space 512K, 98% used [0x00000000d5a00000,0x00000000d5a7e900,0x00000000d5a80000)
  to   space 1024K, 0% used [0x00000000d5880000,0x00000000d5880000,0x00000000d5980000)
 ParOldGen       total 790528K, used 790160K [0x0000000080000000, 0x00000000b0400000, 0x00000000d5580000)
  object space 790528K, 99% used [0x0000000080000000,0x00000000b03a4138,0x00000000b0400000)
 Metaspace       used 66251K, committed 67840K, reserved 1114112K
  class space    used 6823K, committed 7552K, reserved 1048576K
GC Heap History (20 events):
Event: 60.132 GC heap before
{Heap before GC invocations=1376 (full 3):
 PSYoungGen      total 3072K, used 2673K [0x00000000d5580000, 0x00000000d5b00000, 0x0000000100000000)
  eden space 2048K, 99% used [0x00000000d5580000,0x00000000d577b378,0x00000000d5780000)
  from space 1024K, 62% used [0x00000000d5a00000,0x00000000d5aa12f0,0x00000000d5b00000)
  to   space 1024K, 0% used [0x00000000d5900000,0x00000000d5900000,0x00000000d5a00000)
 ParOldGen       total 783872K, used 783491K [0x0000000080000000, 0x00000000afd80000, 0x00000000d5580000)
  object space 783872K, 99% used [0x0000000080000000,0x00000000afd20c30,0x00000000afd80000)
 Metaspace       used 66158K, committed 67776K, reserved 1114112K
  class space    used 6815K, committed 7552K, reserved 1048576K
}
Event: 60.136 GC heap after
{Heap after GC invocations=1376 (full 3):
 PSYoungGen      total 3072K, used 636K [0x00000000d5580000, 0x00000000d5a80000, 0x0000000100000000)
  eden space 2048K, 0% used [0x00000000d5580000,0x00000000d5580000,0x00000000d5780000)
  from space 1024K, 62% used [0x00000000d5900000,0x00000000d599f160,0x00000000d5a00000)
  to   space 512K, 0% used [0x00000000d5a00000,0x00000000d5a00000,0x00000000d5a80000)
 ParOldGen       total 785920K, used 785487K [0x0000000080000000, 0x00000000aff80000, 0x00000000d5580000)
  object space 785920K, 99% used [0x0000000080000000,0x00000000aff13f08,0x00000000aff80000)
 Metaspace       used 66158K, committed 67776K, reserved 1114112K
  class space    used 6815K, committed 7552K, reserved 1048576K
}
Event: 60.149 GC heap before
{Heap before GC invocations=1377 (full 3):
 PSYoungGen      total 3072K, used 2684K [0x00000000d5580000, 0x00000000d5a80000, 0x0000000100000000)
  eden space 2048K, 100% used [0x00000000d5580000,0x00000000d5780000,0x00000000d5780000)
  from space 1024K, 62% used [0x00000000d5900000,0x00000000d599f160,0x00000000d5a00000)
  to   space 512K, 0% used [0x00000000d5a00000,0x00000000d5a00000,0x00000000d5a80000)
 ParOldGen       total 785920K, used 785487K [0x0000000080000000, 0x00000000aff80000, 0x00000000d5580000)
  object space 785920K, 99% used [0x0000000080000000,0x00000000aff13f08,0x00000000aff80000)
 Metaspace       used 66164K, committed 67776K, reserved 1114112K
  class space    used 6815K, committed 7552K, reserved 1048576K
}
Event: 60.152 GC heap after
{Heap after GC invocations=1377 (full 3):
 PSYoungGen      total 2560K, used 448K [0x00000000d5580000, 0x00000000d5a80000, 0x0000000100000000)
  eden space 2048K, 0% used [0x00000000d5580000,0x00000000d5580000,0x00000000d5780000)
  from space 512K, 87% used [0x00000000d5a00000,0x00000000d5a70000,0x00000000d5a80000)
  to   space 1024K, 0% used [0x00000000d5880000,0x00000000d5880000,0x00000000d5980000)
 ParOldGen       total 785920K, used 785623K [0x0000000080000000, 0x00000000aff80000, 0x00000000d5580000)
  object space 785920K, 99% used [0x0000000080000000,0x00000000aff35f08,0x00000000aff80000)
 Metaspace       used 66164K, committed 67776K, reserved 1114112K
  class space    used 6815K, committed 7552K, reserved 1048576K
}
Event: 60.174 GC heap before
{Heap before GC invocations=1378 (full 3):
 PSYoungGen      total 2560K, used 2496K [0x00000000d5580000, 0x00000000d5a80000, 0x0000000100000000)
  eden space 2048K, 100% used [0x00000000d5580000,0x00000000d5780000,0x00000000d5780000)
  from space 512K, 87% used [0x00000000d5a00000,0x00000000d5a70000,0x00000000d5a80000)
  to   space 1024K, 0% used [0x00000000d5880000,0x00000000d5880000,0x00000000d5980000)
 ParOldGen       total 785920K, used 785623K [0x0000000080000000, 0x00000000aff80000, 0x00000000d5580000)
  object space 785920K, 99% used [0x0000000080000000,0x00000000aff35f08,0x00000000aff80000)
 Metaspace       used 66168K, committed 67776K, reserved 1114112K
  class space    used 6815K, committed 7552K, reserved 1048576K
}
Event: 60.177 GC heap after
{Heap after GC invocations=1378 (full 3):
 PSYoungGen      total 3072K, used 448K [0x00000000d5580000, 0x00000000d5a80000, 0x0000000100000000)
  eden space 2048K, 0% used [0x00000000d5580000,0x00000000d5580000,0x00000000d5780000)
  from space 1024K, 43% used [0x00000000d5880000,0x00000000d58f0000,0x00000000d5980000)
  to   space 512K, 0% used [0x00000000d5a00000,0x00000000d5a00000,0x00000000d5a80000)
 ParOldGen       total 785920K, used 785871K [0x0000000080000000, 0x00000000aff80000, 0x00000000d5580000)
  object space 785920K, 99% used [0x0000000080000000,0x00000000aff73f08,0x00000000aff80000)
 Metaspace       used 66168K, committed 67776K, reserved 1114112K
  class space    used 6815K, committed 7552K, reserved 1048576K
}
Event: 60.210 GC heap before
{Heap before GC invocations=1379 (full 3):
 PSYoungGen      total 3072K, used 2496K [0x00000000d5580000, 0x00000000d5a80000, 0x0000000100000000)
  eden space 2048K, 100% used [0x00000000d5580000,0x00000000d5780000,0x00000000d5780000)
  from space 1024K, 43% used [0x00000000d5880000,0x00000000d58f0000,0x00000000d5980000)
  to   space 512K, 0% used [0x00000000d5a00000,0x00000000d5a00000,0x00000000d5a80000)
 ParOldGen       total 785920K, used 785871K [0x0000000080000000, 0x00000000aff80000, 0x00000000d5580000)
  object space 785920K, 99% used [0x0000000080000000,0x00000000aff73f08,0x00000000aff80000)
 Metaspace       used 66220K, committed 67840K, reserved 1114112K
  class space    used 6822K, committed 7552K, reserved 1048576K
}
Event: 60.214 GC heap after
{Heap after GC invocations=1379 (full 3):
 PSYoungGen      total 2560K, used 416K [0x00000000d5580000, 0x00000000d5a80000, 0x0000000100000000)
  eden space 2048K, 0% used [0x00000000d5580000,0x00000000d5580000,0x00000000d5780000)
  from space 512K, 81% used [0x00000000d5a00000,0x00000000d5a68000,0x00000000d5a80000)
  to   space 512K, 0% used [0x00000000d5980000,0x00000000d5980000,0x00000000d5a00000)
 ParOldGen       total 786432K, used 786191K [0x0000000080000000, 0x00000000b0000000, 0x00000000d5580000)
  object space 786432K, 99% used [0x0000000080000000,0x00000000affc3f08,0x00000000b0000000)
 Metaspace       used 66220K, committed 67840K, reserved 1114112K
  class space    used 6822K, committed 7552K, reserved 1048576K
}
Event: 60.233 GC heap before
{Heap before GC invocations=1380 (full 3):
 PSYoungGen      total 2560K, used 2464K [0x00000000d5580000, 0x00000000d5a80000, 0x0000000100000000)
  eden space 2048K, 100% used [0x00000000d5580000,0x00000000d5780000,0x00000000d5780000)
  from space 512K, 81% used [0x00000000d5a00000,0x00000000d5a68000,0x00000000d5a80000)
  to   space 512K, 0% used [0x00000000d5980000,0x00000000d5980000,0x00000000d5a00000)
 ParOldGen       total 786432K, used 786191K [0x0000000080000000, 0x00000000b0000000, 0x00000000d5580000)
  object space 786432K, 99% used [0x0000000080000000,0x00000000affc3f08,0x00000000b0000000)
 Metaspace       used 66231K, committed 67840K, reserved 1114112K
  class space    used 6822K, committed 7552K, reserved 1048576K
}
Event: 60.235 GC heap after
{Heap after GC invocations=1380 (full 3):
 PSYoungGen      total 2560K, used 256K [0x00000000d5580000, 0x00000000d5a80000, 0x0000000100000000)
  eden space 2048K, 0% used [0x00000000d5580000,0x00000000d5580000,0x00000000d5780000)
  from space 512K, 50% used [0x00000000d5980000,0x00000000d59c0000,0x00000000d5a00000)
  to   space 512K, 0% used [0x00000000d5a00000,0x00000000d5a00000,0x00000000d5a80000)
 ParOldGen       total 786432K, used 786399K [0x0000000080000000, 0x00000000b0000000, 0x00000000d5580000)
  object space 786432K, 99% used [0x0000000080000000,0x00000000afff7f08,0x00000000b0000000)
 Metaspace       used 66231K, committed 67840K, reserved 1114112K
  class space    used 6822K, committed 7552K, reserved 1048576K
}
Event: 60.251 GC heap before
{Heap before GC invocations=1381 (full 3):
 PSYoungGen      total 2560K, used 2304K [0x00000000d5580000, 0x00000000d5a80000, 0x0000000100000000)
  eden space 2048K, 100% used [0x00000000d5580000,0x00000000d5780000,0x00000000d5780000)
  from space 512K, 50% used [0x00000000d5980000,0x00000000d59c0000,0x00000000d5a00000)
  to   space 512K, 0% used [0x00000000d5a00000,0x00000000d5a00000,0x00000000d5a80000)
 ParOldGen       total 786432K, used 786399K [0x0000000080000000, 0x00000000b0000000, 0x00000000d5580000)
  object space 786432K, 99% used [0x0000000080000000,0x00000000afff7f08,0x00000000b0000000)
 Metaspace       used 66233K, committed 67840K, reserved 1114112K
  class space    used 6823K, committed 7552K, reserved 1048576K
}
Event: 60.254 GC heap after
{Heap after GC invocations=1381 (full 3):
 PSYoungGen      total 2560K, used 336K [0x00000000d5580000, 0x00000000d5a80000, 0x0000000100000000)
  eden space 2048K, 0% used [0x00000000d5580000,0x00000000d5580000,0x00000000d5780000)
  from space 512K, 65% used [0x00000000d5a00000,0x00000000d5a54010,0x00000000d5a80000)
  to   space 512K, 0% used [0x00000000d5980000,0x00000000d5980000,0x00000000d5a00000)
 ParOldGen       total 786944K, used 786439K [0x0000000080000000, 0x00000000b0080000, 0x00000000d5580000)
  object space 786944K, 99% used [0x0000000080000000,0x00000000b0001f08,0x00000000b0080000)
 Metaspace       used 66233K, committed 67840K, reserved 1114112K
  class space    used 6823K, committed 7552K, reserved 1048576K
}
Event: 60.272 GC heap before
{Heap before GC invocations=1382 (full 3):
 PSYoungGen      total 2560K, used 2373K [0x00000000d5580000, 0x00000000d5a80000, 0x0000000100000000)
  eden space 2048K, 99% used [0x00000000d5580000,0x00000000d577d5b0,0x00000000d5780000)
  from space 512K, 65% used [0x00000000d5a00000,0x00000000d5a54010,0x00000000d5a80000)
  to   space 512K, 0% used [0x00000000d5980000,0x00000000d5980000,0x00000000d5a00000)
 ParOldGen       total 788480K, used 787941K [0x0000000080000000, 0x00000000b0200000, 0x00000000d5580000)
  object space 788480K, 99% used [0x0000000080000000,0x00000000b0179710,0x00000000b0200000)
 Metaspace       used 66237K, committed 67840K, reserved 1114112K
  class space    used 6823K, committed 7552K, reserved 1048576K
}
Event: 60.274 GC heap after
{Heap after GC invocations=1382 (full 3):
 PSYoungGen      total 2560K, used 511K [0x00000000d5580000, 0x00000000d5a80000, 0x0000000100000000)
  eden space 2048K, 0% used [0x00000000d5580000,0x00000000d5580000,0x00000000d5780000)
  from space 512K, 99% used [0x00000000d5980000,0x00000000d59ffc40,0x00000000d5a00000)
  to   space 512K, 0% used [0x00000000d5a00000,0x00000000d5a00000,0x00000000d5a80000)
 ParOldGen       total 788480K, used 788090K [0x0000000080000000, 0x00000000b0200000, 0x00000000d5580000)
  object space 788480K, 99% used [0x0000000080000000,0x00000000b019e930,0x00000000b0200000)
 Metaspace       used 66237K, committed 67840K, reserved 1114112K
  class space    used 6823K, committed 7552K, reserved 1048576K
}
Event: 60.282 GC heap before
{Heap before GC invocations=1383 (full 3):
 PSYoungGen      total 2560K, used 2559K [0x00000000d5580000, 0x00000000d5a80000, 0x0000000100000000)
  eden space 2048K, 100% used [0x00000000d5580000,0x00000000d5780000,0x00000000d5780000)
  from space 512K, 99% used [0x00000000d5980000,0x00000000d59ffc40,0x00000000d5a00000)
  to   space 512K, 0% used [0x00000000d5a00000,0x00000000d5a00000,0x00000000d5a80000)
 ParOldGen       total 790016K, used 789592K [0x0000000080000000, 0x00000000b0380000, 0x00000000d5580000)
  object space 790016K, 99% used [0x0000000080000000,0x00000000b0316138,0x00000000b0380000)
 Metaspace       used 66239K, committed 67840K, reserved 1114112K
  class space    used 6823K, committed 7552K, reserved 1048576K
}
Event: 60.284 GC heap after
{Heap after GC invocations=1383 (full 3):
 PSYoungGen      total 2560K, used 256K [0x00000000d5580000, 0x00000000d5a80000, 0x0000000100000000)
  eden space 2048K, 0% used [0x00000000d5580000,0x00000000d5580000,0x00000000d5780000)
  from space 512K, 50% used [0x00000000d5a00000,0x00000000d5a40000,0x00000000d5a80000)
  to   space 512K, 0% used [0x00000000d5980000,0x00000000d5980000,0x00000000d5a00000)
 ParOldGen       total 790016K, used 789672K [0x0000000080000000, 0x00000000b0380000, 0x00000000d5580000)
  object space 790016K, 99% used [0x0000000080000000,0x00000000b032a138,0x00000000b0380000)
 Metaspace       used 66239K, committed 67840K, reserved 1114112K
  class space    used 6823K, committed 7552K, reserved 1048576K
}
Event: 60.297 GC heap before
{Heap before GC invocations=1384 (full 3):
 PSYoungGen      total 2560K, used 2304K [0x00000000d5580000, 0x00000000d5a80000, 0x0000000100000000)
  eden space 2048K, 100% used [0x00000000d5580000,0x00000000d5780000,0x00000000d5780000)
  from space 512K, 50% used [0x00000000d5a00000,0x00000000d5a40000,0x00000000d5a80000)
  to   space 512K, 0% used [0x00000000d5980000,0x00000000d5980000,0x00000000d5a00000)
 ParOldGen       total 790016K, used 789672K [0x0000000080000000, 0x00000000b0380000, 0x00000000d5580000)
  object space 790016K, 99% used [0x0000000080000000,0x00000000b032a138,0x00000000b0380000)
 Metaspace       used 66243K, committed 67840K, reserved 1114112K
  class space    used 6823K, committed 7552K, reserved 1048576K
}
Event: 60.299 GC heap after
{Heap after GC invocations=1384 (full 3):
 PSYoungGen      total 2560K, used 448K [0x00000000d5580000, 0x00000000d5a80000, 0x0000000100000000)
  eden space 2048K, 0% used [0x00000000d5580000,0x00000000d5580000,0x00000000d5780000)
  from space 512K, 87% used [0x00000000d5980000,0x00000000d59f0000,0x00000000d5a00000)
  to   space 512K, 0% used [0x00000000d5a00000,0x00000000d5a00000,0x00000000d5a80000)
 ParOldGen       total 790016K, used 789824K [0x0000000080000000, 0x00000000b0380000, 0x00000000d5580000)
  object space 790016K, 99% used [0x0000000080000000,0x00000000b0350138,0x00000000b0380000)
 Metaspace       used 66243K, committed 67840K, reserved 1114112K
  class space    used 6823K, committed 7552K, reserved 1048576K
}
Event: 60.315 GC heap before
{Heap before GC invocations=1385 (full 3):
 PSYoungGen      total 2560K, used 2496K [0x00000000d5580000, 0x00000000d5a80000, 0x0000000100000000)
  eden space 2048K, 100% used [0x00000000d5580000,0x00000000d5780000,0x00000000d5780000)
  from space 512K, 87% used [0x00000000d5980000,0x00000000d59f0000,0x00000000d5a00000)
  to   space 512K, 0% used [0x00000000d5a00000,0x00000000d5a00000,0x00000000d5a80000)
 ParOldGen       total 790016K, used 789824K [0x0000000080000000, 0x00000000b0380000, 0x00000000d5580000)
  object space 790016K, 99% used [0x0000000080000000,0x00000000b0350138,0x00000000b0380000)
 Metaspace       used 66246K, committed 67840K, reserved 1114112K
  class space    used 6823K, committed 7552K, reserved 1048576K
}
Event: 60.318 GC heap after
{Heap after GC invocations=1385 (full 3):
 PSYoungGen      total 2560K, used 506K [0x00000000d5580000, 0x00000000d5a80000, 0x0000000100000000)
  eden space 2048K, 0% used [0x00000000d5580000,0x00000000d5580000,0x00000000d5780000)
  from space 512K, 98% used [0x00000000d5a00000,0x00000000d5a7e900,0x00000000d5a80000)
  to   space 1024K, 0% used [0x00000000d5880000,0x00000000d5880000,0x00000000d5980000)
 ParOldGen       total 790528K, used 790160K [0x0000000080000000, 0x00000000b0400000, 0x00000000d5580000)
  object space 790528K, 99% used [0x0000000080000000,0x00000000b03a4138,0x00000000b0400000)
 Metaspace       used 66246K, committed 67840K, reserved 1114112K
  class space    used 6823K, committed 7552K, reserved 1048576K
}

